<?xml version="1.0" encoding="UTF-8"?>
<!-- Generated by org.testng.reporters.JUnitXMLReporter -->
<testsuite ignored="0" hostname="ANPL3-PG05692N" failures="0" tests="7" name="Default test" time="0.135" errors="0" timestamp="2026-03-30T16:46:34 IST">
  <testcase classname="com.amazon.basetest.BaseTest" name="@BeforeMethod baseSetup" time="0.034">
    <failure type="java.lang.NullPointerException" message="Cannot invoke &amp;quot;org.openqa.selenium.WebDriver.get(String)&amp;quot; because &amp;quot;this.driver&amp;quot; is null">
      <![CDATA[java.lang.NullPointerException: Cannot invoke "org.openqa.selenium.WebDriver.get(String)" because "this.driver" is null
at com.amazon.basetest.BaseTest.baseSetup(BaseTest.java:31)
at java.base/jdk.internal.reflect.DirectMethodHandleAccessor.invoke(DirectMethodHandleAccessor.java:103)
at java.base/java.lang.reflect.Method.invoke(Method.java:580)
at org.testng.internal.invokers.MethodInvocationHelper.invokeMethod(MethodInvocationHelper.java:141)
at org.testng.internal.invokers.MethodInvocationHelper.invokeMethodConsideringTimeout(MethodInvocationHelper.java:71)
at org.testng.internal.invokers.ConfigInvoker.invokeConfigurationMethod(ConfigInvoker.java:400)
at org.testng.internal.invokers.ConfigInvoker.invokeConfigurations(ConfigInvoker.java:333)
at org.testng.internal.invokers.TestInvoker.runConfigMethods(TestInvoker.java:836)
at org.testng.internal.invokers.TestInvoker.invokeMethod(TestInvoker.java:601)
at org.testng.internal.invokers.TestInvoker.invokeTestMethod(TestInvoker.java:230)
at org.testng.internal.invokers.MethodRunner.runInSequence(MethodRunner.java:63)
at org.testng.internal.invokers.TestInvoker$MethodInvocationAgent.invoke(TestInvoker.java:995)
at org.testng.internal.invokers.TestInvoker.invokeTestMethods(TestInvoker.java:203)
at org.testng.internal.invokers.TestMethodWorker.invokeTestMethods(TestMethodWorker.java:154)
at org.testng.internal.invokers.TestMethodWorker.run(TestMethodWorker.java:134)
at java.base/java.util.ArrayList.forEach(ArrayList.java:1596)
at org.testng.TestRunner.privateRun(TestRunner.java:741)
at org.testng.TestRunner.run(TestRunner.java:616)
at org.testng.SuiteRunner.runTest(SuiteRunner.java:421)
at org.testng.SuiteRunner.runSequentially(SuiteRunner.java:413)
at org.testng.SuiteRunner.privateRun(SuiteRunner.java:373)
at org.testng.SuiteRunner.run(SuiteRunner.java:312)
at org.testng.SuiteRunnerWorker.runSuite(SuiteRunnerWorker.java:52)
at org.testng.SuiteRunnerWorker.run(SuiteRunnerWorker.java:95)
at org.testng.TestNG.runSuitesSequentially(TestNG.java:1274)
at org.testng.TestNG.runSuitesLocally(TestNG.java:1208)
at org.testng.TestNG.runSuites(TestNG.java:1112)
at org.testng.TestNG.run(TestNG.java:1079)
at org.testng.remote.AbstractRemoteTestNG.run(AbstractRemoteTestNG.java:115)
at org.testng.remote.RemoteTestNG.initAndRun(RemoteTestNG.java:293)
at org.testng.remote.RemoteTestNG.main(RemoteTestNG.java:91)
]]>
    </failure>
  </testcase> <!-- @BeforeMethod baseSetup -->
  <testcase classname="Test.LoginPageTest" name="@BeforeMethod setupPage" time="0.0">
    <skipped/>
  </testcase> <!-- @BeforeMethod setupPage -->
  <testcase classname="com.amazon.basetest.BaseTest" name="@AfterMethod closeBrowser" time="0.0">
    <skipped/>
  </testcase> <!-- @AfterMethod closeBrowser -->
  <testcase classname="com.amazon.basetest.BaseTest" name="@BeforeMethod baseSetup" time="0.0">
    <skipped/>
  </testcase> <!-- @BeforeMethod baseSetup -->
  <testcase classname="Test.LoginPageTest" name="@BeforeMethod setupPage" time="0.0">
    <skipped/>
  </testcase> <!-- @BeforeMethod setupPage -->
  <testcase classname="com.amazon.basetest.BaseTest" name="@AfterMethod closeBrowser" time="0.0">
    <skipped/>
  </testcase> <!-- @AfterMethod closeBrowser -->
  <testcase classname="com.amazon.basetest.BaseTest" name="@BeforeMethod baseSetup" time="0.0">
    <skipped/>
  </testcase> <!-- @BeforeMethod baseSetup -->
  <testcase classname="Test.LoginPageTest" name="@BeforeMethod setupPage" time="0.0">
    <skipped/>
  </testcase> <!-- @BeforeMethod setupPage -->
  <testcase classname="com.amazon.basetest.BaseTest" name="@AfterMethod closeBrowser" time="0.0">
    <skipped/>
  </testcase> <!-- @AfterMethod closeBrowser -->
  <testcase classname="com.amazon.basetest.BaseTest" name="@BeforeMethod baseSetup" time="0.0">
    <skipped/>
  </testcase> <!-- @BeforeMethod baseSetup -->
  <testcase classname="Test.LoginPageTest" name="@BeforeMethod setupPage" time="0.0">
    <skipped/>
  </testcase> <!-- @BeforeMethod setupPage -->
  <testcase classname="com.amazon.basetest.BaseTest" name="@AfterMethod closeBrowser" time="0.0">
    <skipped/>
  </testcase> <!-- @AfterMethod closeBrowser -->
  <testcase classname="com.amazon.basetest.BaseTest" name="@BeforeMethod baseSetup" time="0.0">
    <skipped/>
  </testcase> <!-- @BeforeMethod baseSetup -->
  <testcase classname="Test.LoginPageTest" name="@BeforeMethod setupPage" time="0.0">
    <skipped/>
  </testcase> <!-- @BeforeMethod setupPage -->
  <testcase classname="com.amazon.basetest.BaseTest" name="@AfterMethod closeBrowser" time="0.0">
    <skipped/>
  </testcase> <!-- @AfterMethod closeBrowser -->
  <testcase classname="com.amazon.basetest.BaseTest" name="@BeforeMethod baseSetup" time="0.0">
    <skipped/>
  </testcase> <!-- @BeforeMethod baseSetup -->
  <testcase classname="Test.LoginPageTest" name="@BeforeMethod setupPage" time="0.0">
    <skipped/>
  </testcase> <!-- @BeforeMethod setupPage -->
  <testcase classname="com.amazon.basetest.BaseTest" name="@AfterMethod closeBrowser" time="0.0">
    <skipped/>
  </testcase> <!-- @AfterMethod closeBrowser -->
  <testcase classname="com.amazon.basetest.BaseTest" name="@BeforeMethod baseSetup" time="0.0">
    <skipped/>
  </testcase> <!-- @BeforeMethod baseSetup -->
  <testcase classname="Test.LoginPageTest" name="@BeforeMethod setupPage" time="0.0">
    <skipped/>
  </testcase> <!-- @BeforeMethod setupPage -->
  <testcase classname="com.amazon.basetest.BaseTest" name="@AfterMethod closeBrowser" time="0.0">
    <skipped/>
  </testcase> <!-- @AfterMethod closeBrowser -->
  <testcase classname="Test.LoginPageTest" name="backAndForthScenerioTest" time="0.0">
    <skipped/>
  </testcase> <!-- backAndForthScenerioTest -->
  <testcase classname="Test.LoginPageTest" name="fieldsOnThePageTest" time="0.0">
    <skipped/>
  </testcase> <!-- fieldsOnThePageTest -->
  <testcase classname="Test.LoginPageTest" name="logoPresentTest" time="0.0">
    <skipped/>
  </testcase> <!-- logoPresentTest -->
  <testcase classname="Test.LoginPageTest" name="pageTitleTest" time="0.001">
    <skipped/>
  </testcase> <!-- pageTitleTest -->
  <testcase classname="Test.LoginPageTest" name="signWithInvalidEmailIdTest" time="0.0">
    <skipped/>
  </testcase> <!-- signWithInvalidEmailIdTest -->
  <testcase classname="Test.LoginPageTest" name="signWithUnregisteredEmailId" time="0.001">
    <skipped/>
  </testcase> <!-- signWithUnregisteredEmailId -->
  <testcase classname="Test.LoginPageTest" name="signWithValidCredentialsTest" time="0.0">
    <skipped/>
  </testcase> <!-- signWithValidCredentialsTest -->
</testsuite> <!-- Default test -->
