<?xml version="1.0" encoding="UTF-8"?>
<testng-results ignored="0" total="2" passed="2" failed="0" skipped="0">
  <reporter-output>
  </reporter-output>
  <suite started-at="2026-03-31T19:24:30 IST" name="TestSuite" finished-at="2026-03-31T19:24:59 IST" duration-ms="28637">
    <groups>
    </groups>
    <test started-at="2026-03-31T19:24:30 IST" name="RegistrationTest" finished-at="2026-03-31T19:24:59 IST" duration-ms="28637">
      <class name="Test.RegistrationPageTest">
        <test-method is-config="true" signature="setup()[pri:0, instance:Test.RegistrationPageTest@22555ebf]" started-at="2026-03-31T19:24:30 IST" name="setup" finished-at="2026-03-31T19:24:34 IST" duration-ms="3850" status="PASS">
          <reporter-output>
          </reporter-output>
        </test-method> <!-- setup -->
        <test-method is-config="true" signature="setupPage()[pri:0, instance:Test.RegistrationPageTest@22555ebf]" started-at="2026-03-31T19:24:34 IST" name="setupPage" finished-at="2026-03-31T19:24:39 IST" duration-ms="5392" status="PASS">
          <reporter-output>
          </reporter-output>
        </test-method> <!-- setupPage -->
        <test-method signature="pageTitleTest()[pri:0, instance:Test.RegistrationPageTest@22555ebf]" started-at="2026-03-31T19:24:39 IST" name="pageTitleTest" finished-at="2026-03-31T19:24:39 IST" duration-ms="29" status="PASS">
          <reporter-output>
          </reporter-output>
        </test-method> <!-- pageTitleTest -->
        <test-method is-config="true" signature="closeBrowser()[pri:0, instance:Test.RegistrationPageTest@22555ebf]" started-at="2026-03-31T19:24:39 IST" name="closeBrowser" finished-at="2026-03-31T19:24:42 IST" duration-ms="2165" status="PASS">
          <reporter-output>
          </reporter-output>
        </test-method> <!-- closeBrowser -->
        <test-method is-config="true" signature="setup()[pri:0, instance:Test.RegistrationPageTest@22555ebf]" started-at="2026-03-31T19:24:42 IST" name="setup" finished-at="2026-03-31T19:24:47 IST" duration-ms="5807" status="PASS">
          <reporter-output>
          </reporter-output>
        </test-method> <!-- setup -->
        <test-method is-config="true" signature="setupPage()[pri:0, instance:Test.RegistrationPageTest@22555ebf]" started-at="2026-03-31T19:24:47 IST" name="setupPage" finished-at="2026-03-31T19:24:52 IST" duration-ms="4734" status="PASS">
          <reporter-output>
          </reporter-output>
        </test-method> <!-- setupPage -->
        <test-method signature="verifyMobileNumberTest()[pri:0, instance:Test.RegistrationPageTest@22555ebf]" started-at="2026-03-31T19:24:52 IST" name="verifyMobileNumberTest" finished-at="2026-03-31T19:24:57 IST" duration-ms="4891" status="PASS">
          <reporter-output>
          </reporter-output>
        </test-method> <!-- verifyMobileNumberTest -->
        <test-method is-config="true" signature="closeBrowser()[pri:0, instance:Test.RegistrationPageTest@22555ebf]" started-at="2026-03-31T19:24:57 IST" name="closeBrowser" finished-at="2026-03-31T19:24:59 IST" duration-ms="1736" status="PASS">
          <reporter-output>
          </reporter-output>
        </test-method> <!-- closeBrowser -->
      </class> <!-- Test.RegistrationPageTest -->
    </test> <!-- RegistrationTest -->
  </suite> <!-- TestSuite -->
</testng-results>
