<?xml version="1.0" encoding="UTF-8"?>
<!-- Generated by org.testng.reporters.JUnitReportReporter -->
<testsuite hostname="ANPL3-PG05692N" failures="0" tests="2" name="Test.RegistrationPageTest" time="28.604" errors="0" timestamp="2026-03-31T19:24:59 IST" skipped="0">
  <testcase classname="Test.RegistrationPageTest" name="verifyMobileNumberTest" time="15.640"/>
  <testcase classname="Test.RegistrationPageTest" name="pageTitleTest" time="12.964"/>
</testsuite> <!-- Test.RegistrationPageTest -->
