<?xml version="1.0" encoding="UTF-8"?>
<!-- Generated by org.testng.reporters.JUnitXMLReporter -->
<testsuite ignored="0" hostname="ANPL3-PG05692N" failures="0" tests="3" name="RegistrationTest" time="0.094" errors="0" timestamp="2026-03-30T16:51:41 IST">
  <testcase classname="com.amazon.basetest.BaseTest" name="@BeforeMethod baseSetup" time="0.027">
    <failure type="java.lang.NullPointerException" message="Cannot invoke &amp;quot;org.openqa.selenium.WebDriver.get(String)&amp;quot; because &amp;quot;this.driver&amp;quot; is null">
      <![CDATA[java.lang.NullPointerException: Cannot invoke "org.openqa.selenium.WebDriver.get(String)" because "this.driver" is null
at com.amazon.basetest.BaseTest.baseSetup(BaseTest.java:31)
at java.base/java.util.ArrayList.forEach(ArrayList.java:1596)
... Removed 29 stack frames]]>
    </failure>
  </testcase> <!-- @BeforeMethod baseSetup -->
  <testcase classname="Test.RegistrationPageTest" name="@BeforeMethod setupPage" time="0.0">
    <skipped/>
  </testcase> <!-- @BeforeMethod setupPage -->
  <testcase classname="com.amazon.basetest.BaseTest" name="@AfterMethod closeBrowser" time="0.0">
    <skipped/>
  </testcase> <!-- @AfterMethod closeBrowser -->
  <testcase classname="com.amazon.basetest.BaseTest" name="@BeforeMethod baseSetup" time="0.0">
    <skipped/>
  </testcase> <!-- @BeforeMethod baseSetup -->
  <testcase classname="Test.RegistrationPageTest" name="@BeforeMethod setupPage" time="0.0">
    <skipped/>
  </testcase> <!-- @BeforeMethod setupPage -->
  <testcase classname="com.amazon.basetest.BaseTest" name="@AfterMethod closeBrowser" time="0.0">
    <skipped/>
  </testcase> <!-- @AfterMethod closeBrowser -->
  <testcase classname="com.amazon.basetest.BaseTest" name="@BeforeMethod baseSetup" time="0.0">
    <skipped/>
  </testcase> <!-- @BeforeMethod baseSetup -->
  <testcase classname="Test.RegistrationPageTest" name="@BeforeMethod setupPage" time="0.0">
    <skipped/>
  </testcase> <!-- @BeforeMethod setupPage -->
  <testcase classname="com.amazon.basetest.BaseTest" name="@AfterMethod closeBrowser" time="0.0">
    <skipped/>
  </testcase> <!-- @AfterMethod closeBrowser -->
  <testcase classname="Test.RegistrationPageTest" name="logoPresentTest" time="0.001">
    <skipped/>
  </testcase> <!-- logoPresentTest -->
  <testcase classname="Test.RegistrationPageTest" name="pageTitleTest" time="0.0">
    <skipped/>
  </testcase> <!-- pageTitleTest -->
  <testcase classname="Test.RegistrationPageTest" name="verifyMobileNumberTest" time="0.0">
    <skipped/>
  </testcase> <!-- verifyMobileNumberTest -->
</testsuite> <!-- RegistrationTest -->
